app/build/intermediates/manifest_merge_blame_file/debug/manifest-merger-blame-debug-report.txt
1<?xml version="1.0" encoding="utf-8"?>
2<manifest xmlns:android="http://schemas.android.com/apk/res/android"
3    package="com.fitai.gym"
4    android:versionCode="1"
5    android:versionName="1.0" >
6
7    <uses-sdk
8        android:minSdkVersion="24"
9        android:targetSdkVersion="34" />
10
11    <uses-permission android:name="android.permission.INTERNET" />
11-->src\main\AndroidManifest.xml:4:5-66
11-->src\main\AndroidManifest.xml:4:22-64
12    <uses-permission android:name="android.permission.VIBRATE" />
12-->src\main\AndroidManifest.xml:5:5-65
12-->src\main\AndroidManifest.xml:5:22-63
13    <uses-permission android:name="android.permission.ACCESS_NETWORK_STATE" />
13-->[com.google.firebase:firebase-auth:22.3.1] AndroidManifest.xml:26:5-79
13-->[com.google.firebase:firebase-auth:22.3.1] AndroidManifest.xml:26:22-76
14    <uses-permission android:name="com.google.android.providers.gsf.permission.READ_GSERVICES" />
14-->[com.google.android.recaptcha:recaptcha:18.4.0] AndroidManifest.xml:9:5-98
14-->[com.google.android.recaptcha:recaptcha:18.4.0] AndroidManifest.xml:9:22-95
15
16    <permission
16-->[androidx.core:core:1.12.0] AndroidManifest.xml:22:5-24:47
17        android:name="com.fitai.gym.DYNAMIC_RECEIVER_NOT_EXPORTED_PERMISSION"
17-->[androidx.core:core:1.12.0] AndroidManifest.xml:23:9-81
18        android:protectionLevel="signature" />
18-->[androidx.core:core:1.12.0] AndroidManifest.xml:24:9-44
19
20    <uses-permission android:name="com.fitai.gym.DYNAMIC_RECEIVER_NOT_EXPORTED_PERMISSION" />
20-->[androidx.core:core:1.12.0] AndroidManifest.xml:26:5-97
20-->[androidx.core:core:1.12.0] AndroidManifest.xml:26:22-94
21
22    <application
22-->src\main\AndroidManifest.xml:7:5-275:19
23        android:allowBackup="true"
23-->src\main\AndroidManifest.xml:8:9-35
24        android:appComponentFactory="androidx.core.app.CoreComponentFactory"
24-->[androidx.core:core:1.12.0] AndroidManifest.xml:28:18-86
25        android:debuggable="true"
26        android:extractNativeLibs="false"
27        android:icon="@mipmap/ic_launcher"
27-->src\main\AndroidManifest.xml:9:9-43
28        android:label="@string/app_name"
28-->src\main\AndroidManifest.xml:10:9-41
29        android:roundIcon="@mipmap/ic_launcher_round"
29-->src\main\AndroidManifest.xml:11:9-54
30        android:supportsRtl="true"
30-->src\main\AndroidManifest.xml:12:9-35
31        android:testOnly="true"
32        android:theme="@style/Theme.FitAI" >
32-->src\main\AndroidManifest.xml:13:9-43
33
34        <!-- Splash Screen -->
35        <activity
35-->src\main\AndroidManifest.xml:16:9-25:20
36            android:name="com.fitai.gym.SplashActivity"
36-->src\main\AndroidManifest.xml:17:13-43
37            android:exported="true"
37-->src\main\AndroidManifest.xml:18:13-36
38            android:screenOrientation="portrait"
38-->src\main\AndroidManifest.xml:19:13-49
39            android:theme="@style/Theme.FitAI.Splash" >
39-->src\main\AndroidManifest.xml:20:13-54
40            <intent-filter>
40-->src\main\AndroidManifest.xml:21:13-24:29
41                <action android:name="android.intent.action.MAIN" />
41-->src\main\AndroidManifest.xml:22:17-69
41-->src\main\AndroidManifest.xml:22:25-66
42
43                <category android:name="android.intent.category.LAUNCHER" />
43-->src\main\AndroidManifest.xml:23:17-77
43-->src\main\AndroidManifest.xml:23:27-74
44            </intent-filter>
45        </activity>
46
47        <!-- Onboarding Screen -->
48        <activity
48-->src\main\AndroidManifest.xml:28:9-31:52
49            android:name="com.fitai.gym.OnboardingActivity"
49-->src\main\AndroidManifest.xml:29:13-47
50            android:exported="false"
50-->src\main\AndroidManifest.xml:30:13-37
51            android:screenOrientation="portrait" />
51-->src\main\AndroidManifest.xml:31:13-49
52
53        <!-- Login Screen -->
54        <activity
54-->src\main\AndroidManifest.xml:34:9-38:58
55            android:name="com.fitai.gym.LoginActivity"
55-->src\main\AndroidManifest.xml:35:13-42
56            android:exported="false"
56-->src\main\AndroidManifest.xml:36:13-37
57            android:screenOrientation="portrait"
57-->src\main\AndroidManifest.xml:37:13-49
58            android:windowSoftInputMode="adjustResize" />
58-->src\main\AndroidManifest.xml:38:13-55
59
60        <!-- Signup Screen -->
61        <activity
61-->src\main\AndroidManifest.xml:41:9-45:58
62            android:name="com.fitai.gym.SignupActivity"
62-->src\main\AndroidManifest.xml:42:13-43
63            android:exported="false"
63-->src\main\AndroidManifest.xml:43:13-37
64            android:screenOrientation="portrait"
64-->src\main\AndroidManifest.xml:44:13-49
65            android:windowSoftInputMode="adjustResize" />
65-->src\main\AndroidManifest.xml:45:13-55
66
67        <!-- Profile Setup Screen -->
68        <activity
68-->src\main\AndroidManifest.xml:48:9-51:52
69            android:name="com.fitai.gym.ProfileSetupActivity"
69-->src\main\AndroidManifest.xml:49:13-49
70            android:exported="false"
70-->src\main\AndroidManifest.xml:50:13-37
71            android:screenOrientation="portrait" />
71-->src\main\AndroidManifest.xml:51:13-49
72
73        <!-- Goal Selection Screen -->
74        <activity
74-->src\main\AndroidManifest.xml:54:9-57:52
75            android:name="com.fitai.gym.GoalSelectionActivity"
75-->src\main\AndroidManifest.xml:55:13-50
76            android:exported="false"
76-->src\main\AndroidManifest.xml:56:13-37
77            android:screenOrientation="portrait" />
77-->src\main\AndroidManifest.xml:57:13-49
78
79        <!-- Welcome Success Screen -->
80        <activity
80-->src\main\AndroidManifest.xml:60:9-63:52
81            android:name="com.fitai.gym.WelcomeSuccessActivity"
81-->src\main\AndroidManifest.xml:61:13-51
82            android:exported="false"
82-->src\main\AndroidManifest.xml:62:13-37
83            android:screenOrientation="portrait" />
83-->src\main\AndroidManifest.xml:63:13-49
84        <activity
84-->src\main\AndroidManifest.xml:65:9-68:52
85            android:name="com.fitai.gym.PersonalDataActivity"
85-->src\main\AndroidManifest.xml:66:13-49
86            android:exported="false"
86-->src\main\AndroidManifest.xml:67:13-37
87            android:screenOrientation="portrait" />
87-->src\main\AndroidManifest.xml:68:13-49
88
89        <!-- Activity Tracker Screen -->
90        <activity
90-->src\main\AndroidManifest.xml:71:9-74:52
91            android:name="com.fitai.gym.ActivityTrackerActivity"
91-->src\main\AndroidManifest.xml:72:13-52
92            android:exported="false"
92-->src\main\AndroidManifest.xml:73:13-37
93            android:screenOrientation="portrait" />
93-->src\main\AndroidManifest.xml:74:13-49
94
95        <!-- Home Screen (Main Activity with Bottom Navigation) -->
96        <activity
96-->src\main\AndroidManifest.xml:77:9-80:52
97            android:name="com.fitai.gym.MainActivity"
97-->src\main\AndroidManifest.xml:78:13-41
98            android:exported="false"
98-->src\main\AndroidManifest.xml:79:13-37
99            android:screenOrientation="portrait" />
99-->src\main\AndroidManifest.xml:80:13-49
100
101        <!-- Workout Tracker Screen -->
102        <activity
102-->src\main\AndroidManifest.xml:83:9-86:52
103            android:name="com.fitai.gym.WorkoutTrackerActivity"
103-->src\main\AndroidManifest.xml:84:13-51
104            android:exported="false"
104-->src\main\AndroidManifest.xml:85:13-37
105            android:screenOrientation="portrait" />
105-->src\main\AndroidManifest.xml:86:13-49
106
107        <!-- Workout Detail Screen -->
108        <activity
108-->src\main\AndroidManifest.xml:89:9-92:52
109            android:name="com.fitai.gym.WorkoutDetailActivity"
109-->src\main\AndroidManifest.xml:90:13-50
110            android:exported="false"
110-->src\main\AndroidManifest.xml:91:13-37
111            android:screenOrientation="portrait" />
111-->src\main\AndroidManifest.xml:92:13-49
112
113        <!-- Workout Session (Timer) Screen -->
114        <activity
114-->src\main\AndroidManifest.xml:95:9-98:52
115            android:name="com.fitai.gym.WorkoutSessionActivity"
115-->src\main\AndroidManifest.xml:96:13-51
116            android:exported="false"
116-->src\main\AndroidManifest.xml:97:13-37
117            android:screenOrientation="portrait" />
117-->src\main\AndroidManifest.xml:98:13-49
118
119        <!-- Exercise Detail Screen -->
120        <activity
120-->src\main\AndroidManifest.xml:101:9-104:52
121            android:name="com.fitai.gym.ExerciseDetailActivity"
121-->src\main\AndroidManifest.xml:102:13-51
122            android:exported="false"
122-->src\main\AndroidManifest.xml:103:13-37
123            android:screenOrientation="portrait" />
123-->src\main\AndroidManifest.xml:104:13-49
124
125        <!-- Workout Schedule Screen -->
126        <activity
126-->src\main\AndroidManifest.xml:107:9-110:52
127            android:name="com.fitai.gym.WorkoutScheduleActivity"
127-->src\main\AndroidManifest.xml:108:13-52
128            android:exported="false"
128-->src\main\AndroidManifest.xml:109:13-37
129            android:screenOrientation="portrait" />
129-->src\main\AndroidManifest.xml:110:13-49
130        <activity
130-->src\main\AndroidManifest.xml:112:9-115:52
131            android:name="com.fitai.gym.AddScheduleActivity"
131-->src\main\AndroidManifest.xml:113:13-48
132            android:exported="false"
132-->src\main\AndroidManifest.xml:114:13-37
133            android:screenOrientation="portrait" />
133-->src\main\AndroidManifest.xml:115:13-49
134
135        <!-- Nutrition Screen -->
136        <activity
136-->src\main\AndroidManifest.xml:118:9-121:52
137            android:name="com.fitai.gym.NutritionActivity"
137-->src\main\AndroidManifest.xml:119:13-46
138            android:exported="false"
138-->src\main\AndroidManifest.xml:120:13-37
139            android:screenOrientation="portrait" />
139-->src\main\AndroidManifest.xml:121:13-49
140
141        <!-- Meal Detail Screen -->
142        <activity
142-->src\main\AndroidManifest.xml:124:9-127:52
143            android:name="com.fitai.gym.MealDetailActivity"
143-->src\main\AndroidManifest.xml:125:13-47
144            android:exported="false"
144-->src\main\AndroidManifest.xml:126:13-37
145            android:screenOrientation="portrait" />
145-->src\main\AndroidManifest.xml:127:13-49
146
147        <!-- Profile Screen -->
148        <activity
148-->src\main\AndroidManifest.xml:130:9-133:52
149            android:name="com.fitai.gym.ProfileActivity"
149-->src\main\AndroidManifest.xml:131:13-44
150            android:exported="false"
150-->src\main\AndroidManifest.xml:132:13-37
151            android:screenOrientation="portrait" />
151-->src\main\AndroidManifest.xml:133:13-49
152
153        <!-- Meal Schedule Screen -->
154        <activity
154-->src\main\AndroidManifest.xml:136:9-139:52
155            android:name="com.fitai.gym.MealScheduleActivity"
155-->src\main\AndroidManifest.xml:137:13-49
156            android:exported="false"
156-->src\main\AndroidManifest.xml:138:13-37
157            android:screenOrientation="portrait" />
157-->src\main\AndroidManifest.xml:139:13-49
158
159        <!-- Notification Screen -->
160        <activity
160-->src\main\AndroidManifest.xml:142:9-145:52
161            android:name="com.fitai.gym.NotificationActivity"
161-->src\main\AndroidManifest.xml:143:13-49
162            android:exported="false"
162-->src\main\AndroidManifest.xml:144:13-37
163            android:screenOrientation="portrait" />
163-->src\main\AndroidManifest.xml:145:13-49
164
165        <!-- Membership Screen -->
166        <activity
166-->src\main\AndroidManifest.xml:148:9-151:52
167            android:name="com.fitai.gym.MembershipActivity"
167-->src\main\AndroidManifest.xml:149:13-47
168            android:exported="false"
168-->src\main\AndroidManifest.xml:150:13-37
169            android:screenOrientation="portrait" />
169-->src\main\AndroidManifest.xml:151:13-49
170
171        <!-- Payment Confirmation Screen -->
172        <activity
172-->src\main\AndroidManifest.xml:154:9-157:52
173            android:name="com.fitai.gym.PaymentConfirmationActivity"
173-->src\main\AndroidManifest.xml:155:13-56
174            android:exported="false"
174-->src\main\AndroidManifest.xml:156:13-37
175            android:screenOrientation="portrait" />
175-->src\main\AndroidManifest.xml:157:13-49
176
177        <!-- Progress Screen -->
178        <activity
178-->src\main\AndroidManifest.xml:160:9-163:52
179            android:name="com.fitai.gym.ProgressActivity"
179-->src\main\AndroidManifest.xml:161:13-45
180            android:exported="false"
180-->src\main\AndroidManifest.xml:162:13-37
181            android:screenOrientation="portrait" />
181-->src\main\AndroidManifest.xml:163:13-49
182        <activity
182-->src\main\AndroidManifest.xml:165:9-168:52
183            android:name="com.fitai.gym.ProgressPhotoActivity"
183-->src\main\AndroidManifest.xml:166:13-50
184            android:exported="false"
184-->src\main\AndroidManifest.xml:167:13-37
185            android:screenOrientation="portrait" />
185-->src\main\AndroidManifest.xml:168:13-49
186
187        <!-- Sleep Tracker Screen -->
188        <activity
188-->src\main\AndroidManifest.xml:171:9-174:52
189            android:name="com.fitai.gym.SleepTrackerActivity"
189-->src\main\AndroidManifest.xml:172:13-49
190            android:exported="false"
190-->src\main\AndroidManifest.xml:173:13-37
191            android:screenOrientation="portrait" />
191-->src\main\AndroidManifest.xml:174:13-49
192
193        <!-- Sleep Schedule Screen -->
194        <activity
194-->src\main\AndroidManifest.xml:177:9-180:52
195            android:name="com.fitai.gym.SleepScheduleActivity"
195-->src\main\AndroidManifest.xml:178:13-50
196            android:exported="false"
196-->src\main\AndroidManifest.xml:179:13-37
197            android:screenOrientation="portrait" />
197-->src\main\AndroidManifest.xml:180:13-49
198
199        <!-- Add Alarm Screen -->
200        <activity
200-->src\main\AndroidManifest.xml:183:9-186:52
201            android:name="com.fitai.gym.AddAlarmActivity"
201-->src\main\AndroidManifest.xml:184:13-45
202            android:exported="false"
202-->src\main\AndroidManifest.xml:185:13-37
203            android:screenOrientation="portrait" />
203-->src\main\AndroidManifest.xml:186:13-49
204
205        <!-- Admin Dashboard Screens -->
206        <activity
206-->src\main\AndroidManifest.xml:189:9-192:52
207            android:name="com.fitai.gym.AdminDashboardActivity"
207-->src\main\AndroidManifest.xml:190:13-51
208            android:exported="false"
208-->src\main\AndroidManifest.xml:191:13-37
209            android:screenOrientation="portrait" />
209-->src\main\AndroidManifest.xml:192:13-49
210        <activity
210-->src\main\AndroidManifest.xml:194:9-197:52
211            android:name="com.fitai.gym.AdminAddMemberActivity"
211-->src\main\AndroidManifest.xml:195:13-51
212            android:exported="false"
212-->src\main\AndroidManifest.xml:196:13-37
213            android:screenOrientation="portrait" />
213-->src\main\AndroidManifest.xml:197:13-49
214        <activity
214-->src\main\AndroidManifest.xml:199:9-202:52
215            android:name="com.fitai.gym.AdminAddWorkoutActivity"
215-->src\main\AndroidManifest.xml:200:13-52
216            android:exported="false"
216-->src\main\AndroidManifest.xml:201:13-37
217            android:screenOrientation="portrait" />
217-->src\main\AndroidManifest.xml:202:13-49
218        <activity
218-->src\main\AndroidManifest.xml:204:9-207:52
219            android:name="com.fitai.gym.AdminManageWorkoutsActivity"
219-->src\main\AndroidManifest.xml:205:13-56
220            android:exported="false"
220-->src\main\AndroidManifest.xml:206:13-37
221            android:screenOrientation="portrait" />
221-->src\main\AndroidManifest.xml:207:13-49
222        <activity
222-->src\main\AndroidManifest.xml:209:9-212:52
223            android:name="com.fitai.gym.AdminViewUserProgressActivity"
223-->src\main\AndroidManifest.xml:210:13-58
224            android:exported="false"
224-->src\main\AndroidManifest.xml:211:13-37
225            android:screenOrientation="portrait" />
225-->src\main\AndroidManifest.xml:212:13-49
226        <activity
226-->src\main\AndroidManifest.xml:214:9-217:52
227            android:name="com.fitai.gym.AdminManageMealsActivity"
227-->src\main\AndroidManifest.xml:215:13-53
228            android:exported="false"
228-->src\main\AndroidManifest.xml:216:13-37
229            android:screenOrientation="portrait" />
229-->src\main\AndroidManifest.xml:217:13-49
230
231        <!-- Payment Selection Screen -->
232        <activity
232-->src\main\AndroidManifest.xml:220:9-223:52
233            android:name="com.fitai.gym.PaymentActivity"
233-->src\main\AndroidManifest.xml:221:13-44
234            android:exported="false"
234-->src\main\AndroidManifest.xml:222:13-37
235            android:screenOrientation="portrait" />
235-->src\main\AndroidManifest.xml:223:13-49
236        <activity
236-->src\main\AndroidManifest.xml:225:9-228:52
237            android:name="com.fitai.gym.SettingsActivity"
237-->src\main\AndroidManifest.xml:226:13-45
238            android:exported="false"
238-->src\main\AndroidManifest.xml:227:13-37
239            android:screenOrientation="portrait" />
239-->src\main\AndroidManifest.xml:228:13-49
240        <activity
240-->src\main\AndroidManifest.xml:230:9-233:52
241            android:name="com.fitai.gym.AchievementActivity"
241-->src\main\AndroidManifest.xml:231:13-48
242            android:exported="false"
242-->src\main\AndroidManifest.xml:232:13-37
243            android:screenOrientation="portrait" />
243-->src\main\AndroidManifest.xml:233:13-49
244        <activity
244-->src\main\AndroidManifest.xml:235:9-237:76
245            android:name="com.fitai.gym.MealPlannerActivity"
245-->src\main\AndroidManifest.xml:235:19-54
246            android:configChanges="orientation|keyboardHidden|screenSize"
246-->src\main\AndroidManifest.xml:237:13-74
247            android:screenOrientation="portrait" />
247-->src\main\AndroidManifest.xml:236:13-49
248
249        <!-- Workout Plan Detail Screen -->
250        <activity
250-->src\main\AndroidManifest.xml:240:9-243:52
251            android:name="com.fitai.gym.WorkoutPlanDetailActivity"
251-->src\main\AndroidManifest.xml:241:13-54
252            android:exported="false"
252-->src\main\AndroidManifest.xml:242:13-37
253            android:screenOrientation="portrait" />
253-->src\main\AndroidManifest.xml:243:13-49
254
255        <!-- Day Exercise List Screen -->
256        <activity
256-->src\main\AndroidManifest.xml:246:9-249:52
257            android:name="com.fitai.gym.DayExerciseListActivity"
257-->src\main\AndroidManifest.xml:247:13-52
258            android:exported="false"
258-->src\main\AndroidManifest.xml:248:13-37
259            android:screenOrientation="portrait" />
259-->src\main\AndroidManifest.xml:249:13-49
260
261        <!-- Exercise Execution Timer Screen -->
262        <activity
262-->src\main\AndroidManifest.xml:252:9-255:52
263            android:name="com.fitai.gym.ExerciseExecutionActivity"
263-->src\main\AndroidManifest.xml:253:13-54
264            android:exported="false"
264-->src\main\AndroidManifest.xml:254:13-37
265            android:screenOrientation="portrait" />
265-->src\main\AndroidManifest.xml:255:13-49
266
267        <!-- Workout Complete Screen -->
268        <activity
268-->src\main\AndroidManifest.xml:258:9-261:52
269            android:name="com.fitai.gym.WorkoutCompleteActivity"
269-->src\main\AndroidManifest.xml:259:13-52
270            android:exported="false"
270-->src\main\AndroidManifest.xml:260:13-37
271            android:screenOrientation="portrait" />
271-->src\main\AndroidManifest.xml:261:13-49
272
273        <!-- uCrop Activity -->
274        <activity
274-->src\main\AndroidManifest.xml:264:9-267:71
275            android:name="com.yalantis.ucrop.UCropActivity"
275-->src\main\AndroidManifest.xml:265:13-60
276            android:screenOrientation="portrait"
276-->src\main\AndroidManifest.xml:266:13-49
277            android:theme="@style/Theme.AppCompat.Light.NoActionBar" />
277-->src\main\AndroidManifest.xml:267:13-69
278
279        <!-- Meal Reminder Broadcast Receiver -->
280        <receiver
280-->src\main\AndroidManifest.xml:270:9-273:40
281            android:name="com.fitai.gym.MealReminderReceiver"
281-->src\main\AndroidManifest.xml:271:13-49
282            android:enabled="true"
282-->src\main\AndroidManifest.xml:272:13-35
283            android:exported="false" />
283-->src\main\AndroidManifest.xml:273:13-37
284
285        <provider
285-->[androidx.emoji2:emoji2:1.2.0] AndroidManifest.xml:24:9-32:20
286            android:name="androidx.startup.InitializationProvider"
286-->[androidx.emoji2:emoji2:1.2.0] AndroidManifest.xml:25:13-67
287            android:authorities="com.fitai.gym.androidx-startup"
287-->[androidx.emoji2:emoji2:1.2.0] AndroidManifest.xml:26:13-68
288            android:exported="false" >
288-->[androidx.emoji2:emoji2:1.2.0] AndroidManifest.xml:27:13-37
289            <meta-data
289-->[androidx.emoji2:emoji2:1.2.0] AndroidManifest.xml:29:13-31:52
290                android:name="androidx.emoji2.text.EmojiCompatInitializer"
290-->[androidx.emoji2:emoji2:1.2.0] AndroidManifest.xml:30:17-75
291                android:value="androidx.startup" />
291-->[androidx.emoji2:emoji2:1.2.0] AndroidManifest.xml:31:17-49
292            <meta-data
292-->[androidx.lifecycle:lifecycle-process:2.6.1] AndroidManifest.xml:29:13-31:52
293                android:name="androidx.lifecycle.ProcessLifecycleInitializer"
293-->[androidx.lifecycle:lifecycle-process:2.6.1] AndroidManifest.xml:30:17-78
294                android:value="androidx.startup" />
294-->[androidx.lifecycle:lifecycle-process:2.6.1] AndroidManifest.xml:31:17-49
295            <meta-data
295-->[androidx.profileinstaller:profileinstaller:1.3.0] AndroidManifest.xml:29:13-31:52
296                android:name="androidx.profileinstaller.ProfileInstallerInitializer"
296-->[androidx.profileinstaller:profileinstaller:1.3.0] AndroidManifest.xml:30:17-85
297                android:value="androidx.startup" />
297-->[androidx.profileinstaller:profileinstaller:1.3.0] AndroidManifest.xml:31:17-49
298        </provider>
299
300        <activity
300-->[com.google.android.gms:play-services-auth:21.3.0] AndroidManifest.xml:23:9-27:75
301            android:name="com.google.android.gms.auth.api.signin.internal.SignInHubActivity"
301-->[com.google.android.gms:play-services-auth:21.3.0] AndroidManifest.xml:24:13-93
302            android:excludeFromRecents="true"
302-->[com.google.android.gms:play-services-auth:21.3.0] AndroidManifest.xml:25:13-46
303            android:exported="false"
303-->[com.google.android.gms:play-services-auth:21.3.0] AndroidManifest.xml:26:13-37
304            android:theme="@android:style/Theme.Translucent.NoTitleBar" />
304-->[com.google.android.gms:play-services-auth:21.3.0] AndroidManifest.xml:27:13-72
305        <!--
306            Service handling Google Sign-In user revocation. For apps that do not integrate with
307            Google Sign-In, this service will never be started.
308        -->
309        <service
309-->[com.google.android.gms:play-services-auth:21.3.0] AndroidManifest.xml:33:9-37:51
310            android:name="com.google.android.gms.auth.api.signin.RevocationBoundService"
310-->[com.google.android.gms:play-services-auth:21.3.0] AndroidManifest.xml:34:13-89
311            android:exported="true"
311-->[com.google.android.gms:play-services-auth:21.3.0] AndroidManifest.xml:35:13-36
312            android:permission="com.google.android.gms.auth.api.signin.permission.REVOCATION_NOTIFICATION"
312-->[com.google.android.gms:play-services-auth:21.3.0] AndroidManifest.xml:36:13-107
313            android:visibleToInstantApps="true" />
313-->[com.google.android.gms:play-services-auth:21.3.0] AndroidManifest.xml:37:13-48
314
315        <activity
315-->[com.google.firebase:firebase-auth:22.3.1] AndroidManifest.xml:29:9-46:20
316            android:name="com.google.firebase.auth.internal.GenericIdpActivity"
316-->[com.google.firebase:firebase-auth:22.3.1] AndroidManifest.xml:30:13-80
317            android:excludeFromRecents="true"
317-->[com.google.firebase:firebase-auth:22.3.1] AndroidManifest.xml:31:13-46
318            android:exported="true"
318-->[com.google.firebase:firebase-auth:22.3.1] AndroidManifest.xml:32:13-36
319            android:launchMode="singleTask"
319-->[com.google.firebase:firebase-auth:22.3.1] AndroidManifest.xml:33:13-44
320            android:theme="@android:style/Theme.Translucent.NoTitleBar" >
320-->[com.google.firebase:firebase-auth:22.3.1] AndroidManifest.xml:34:13-72
321            <intent-filter>
321-->[com.google.firebase:firebase-auth:22.3.1] AndroidManifest.xml:35:13-45:29
322                <action android:name="android.intent.action.VIEW" />
322-->[com.google.firebase:firebase-auth:22.3.1] AndroidManifest.xml:36:17-69
322-->[com.google.firebase:firebase-auth:22.3.1] AndroidManifest.xml:36:25-66
323
324                <category android:name="android.intent.category.DEFAULT" />
324-->[com.google.firebase:firebase-auth:22.3.1] AndroidManifest.xml:38:17-76
324-->[com.google.firebase:firebase-auth:22.3.1] AndroidManifest.xml:38:27-73
325                <category android:name="android.intent.category.BROWSABLE" />
325-->[com.google.firebase:firebase-auth:22.3.1] AndroidManifest.xml:39:17-78
325-->[com.google.firebase:firebase-auth:22.3.1] AndroidManifest.xml:39:27-75
326
327                <data
327-->[com.google.firebase:firebase-auth:22.3.1] AndroidManifest.xml:41:17-44:51
328                    android:host="firebase.auth"
328-->[com.google.firebase:firebase-auth:22.3.1] AndroidManifest.xml:42:21-49
329                    android:path="/"
329-->[com.google.firebase:firebase-auth:22.3.1] AndroidManifest.xml:43:21-37
330                    android:scheme="genericidp" />
330-->[com.google.firebase:firebase-auth:22.3.1] AndroidManifest.xml:44:21-48
331            </intent-filter>
332        </activity>
333        <activity
333-->[com.google.firebase:firebase-auth:22.3.1] AndroidManifest.xml:47:9-64:20
334            android:name="com.google.firebase.auth.internal.RecaptchaActivity"
334-->[com.google.firebase:firebase-auth:22.3.1] AndroidManifest.xml:48:13-79
335            android:excludeFromRecents="true"
335-->[com.google.firebase:firebase-auth:22.3.1] AndroidManifest.xml:49:13-46
336            android:exported="true"
336-->[com.google.firebase:firebase-auth:22.3.1] AndroidManifest.xml:50:13-36
337            android:launchMode="singleTask"
337-->[com.google.firebase:firebase-auth:22.3.1] AndroidManifest.xml:51:13-44
338            android:theme="@android:style/Theme.Translucent.NoTitleBar" >
338-->[com.google.firebase:firebase-auth:22.3.1] AndroidManifest.xml:52:13-72
339            <intent-filter>
339-->[com.google.firebase:firebase-auth:22.3.1] AndroidManifest.xml:53:13-63:29
340                <action android:name="android.intent.action.VIEW" />
340-->[com.google.firebase:firebase-auth:22.3.1] AndroidManifest.xml:36:17-69
340-->[com.google.firebase:firebase-auth:22.3.1] AndroidManifest.xml:36:25-66
341
342                <category android:name="android.intent.category.DEFAULT" />
342-->[com.google.firebase:firebase-auth:22.3.1] AndroidManifest.xml:38:17-76
342-->[com.google.firebase:firebase-auth:22.3.1] AndroidManifest.xml:38:27-73
343                <category android:name="android.intent.category.BROWSABLE" />
343-->[com.google.firebase:firebase-auth:22.3.1] AndroidManifest.xml:39:17-78
343-->[com.google.firebase:firebase-auth:22.3.1] AndroidManifest.xml:39:27-75
344
345                <data
345-->[com.google.firebase:firebase-auth:22.3.1] AndroidManifest.xml:41:17-44:51
346                    android:host="firebase.auth"
346-->[com.google.firebase:firebase-auth:22.3.1] AndroidManifest.xml:42:21-49
347                    android:path="/"
347-->[com.google.firebase:firebase-auth:22.3.1] AndroidManifest.xml:43:21-37
348                    android:scheme="recaptcha" />
348-->[com.google.firebase:firebase-auth:22.3.1] AndroidManifest.xml:44:21-48
349            </intent-filter>
350        </activity>
351
352        <service
352-->[com.google.firebase:firebase-auth:22.3.1] AndroidManifest.xml:66:9-72:19
353            android:name="com.google.firebase.components.ComponentDiscoveryService"
353-->[com.google.firebase:firebase-auth:22.3.1] AndroidManifest.xml:67:13-84
354            android:directBootAware="true"
354-->[com.google.firebase:firebase-common:20.4.2] AndroidManifest.xml:32:13-43
355            android:exported="false" >
355-->[com.google.firebase:firebase-auth:22.3.1] AndroidManifest.xml:68:13-37
356            <meta-data
356-->[com.google.firebase:firebase-auth:22.3.1] AndroidManifest.xml:69:13-71:85
357                android:name="com.google.firebase.components:com.google.firebase.auth.FirebaseAuthRegistrar"
357-->[com.google.firebase:firebase-auth:22.3.1] AndroidManifest.xml:70:17-109
358                android:value="com.google.firebase.components.ComponentRegistrar" />
358-->[com.google.firebase:firebase-auth:22.3.1] AndroidManifest.xml:71:17-82
359            <meta-data
359-->[com.google.firebase:firebase-firestore:24.10.2] AndroidManifest.xml:17:13-19:85
360                android:name="com.google.firebase.components:com.google.firebase.firestore.FirebaseFirestoreKtxRegistrar"
360-->[com.google.firebase:firebase-firestore:24.10.2] AndroidManifest.xml:18:17-122
361                android:value="com.google.firebase.components.ComponentRegistrar" />
361-->[com.google.firebase:firebase-firestore:24.10.2] AndroidManifest.xml:19:17-82
362            <meta-data
362-->[com.google.firebase:firebase-firestore:24.10.2] AndroidManifest.xml:20:13-22:85